{
  "stats": {
    "suites": 9,
    "tests": 0,
    "passes": 0,
    "pending": 0,
    "failures": 9,
    "start": "2026-01-30T20:48:43.023Z",
    "end": "2026-01-30T20:48:43.858Z",
    "duration": 835
  },
  "tests": [],
  "pending": [],
  "failures": [
    {
      "title": "\"before all\" hook in \"Complete Quiz Flow - End to End\"",
      "fullTitle": "Complete Quiz Flow - End to End \"before all\" hook in \"Complete Quiz Flow - End to End\"",
      "file": "D:\\MetaruneLabs\\quia-app-new\\QuizApp\\packages\\quiz-contracts\\dist\\test\\complete-quiz-flow.test.js",
      "duration": 205,
      "currentRetry": 0,
      "err": {
        "code": "ECONNREFUSED",
        "errors": [
          {
            "errno": -4078,
            "code": "ECONNREFUSED",
            "syscall": "connect",
            "address": "::1",
            "port": 1031
          },
          {
            "errno": -4078,
            "code": "ECONNREFUSED",
            "syscall": "connect",
            "address": "127.0.0.1",
            "port": 1031
          }
        ],
        "stack": "AggregateError: \n    at Function.AxiosError.from (file:///D:/MetaruneLabs/quia-app-new/QuizApp/node_modules/axios/lib/core/AxiosError.js:92:14)\n    at RedirectableRequest.handleRequestError (file:///D:/MetaruneLabs/quia-app-new/QuizApp/node_modules/axios/lib/adapters/http.js:620:25)\n    at RedirectableRequest.emit (node:events:518:28)\n    at ClientRequest.eventHandlers.<computed> (node_modules\\follow-redirects\\index.js:49:24)\n    at ClientRequest.emit (node:events:518:28)\n    at emitErrorEvent (node:_http_client:104:11)\n    at Socket.socketErrorListener (node:_http_client:518:5)\n    at Socket.emit (node:events:518:28)\n    at emitErrorNT (node:internal/streams/destroy:170:8)\n    at emitErrorCloseNT (node:internal/streams/destroy:129:3)\n    at processTicksAndRejections (node:internal/process/task_queues:90:21)\n    at Axios.request (file:///D:/MetaruneLabs/quia-app-new/QuizApp/node_modules/axios/lib/core/Axios.js:45:41)\n    at processTicksAndRejections (node:internal/process/task_queues:105:5)\n    at $2ec3c2d1d4f551c0$export$bc3f23723d5e1cba._post (file:///D:/MetaruneLabs/quia-app-new/QuizApp/node_modules/@bitcoin-computer/lib/dist/bc-lib.main.es.mjs:1646:19)",
        "message": "",
        "name": "AggregateError",
        "config": {
          "transitional": {
            "silentJSONParsing": true,
            "forcedJSONParsing": true,
            "clarifyTimeoutError": false
          },
          "adapter": [
            "xhr",
            "http",
            "fetch"
          ],
          "transformRequest": [
            null
          ],
          "transformResponse": [
            null
          ],
          "timeout": 0,
          "xsrfCookieName": "XSRF-TOKEN",
          "xsrfHeaderName": "X-XSRF-TOKEN",
          "maxContentLength": -1,
          "maxBodyLength": -1,
          "env": {},
          "headers": {
            "Accept": "application/json, text/plain, */*",
            "Content-Type": "application/json",
            "User-Agent": "axios/1.8.2",
            "Content-Length": "80",
            "Accept-Encoding": "gzip, compress, deflate, br"
          },
          "method": "post",
          "url": "http://localhost:1031/v1/LTC/regtest/rpc",
          "data": "{\"method\":\"sendtoaddress\",\"params\":\"mpXd2dJLs3LorHfYLz1F3A3ghFe1EZkqE7 1 '' ''\"}",
          "allowAbsoluteUrls": true
        },
        "request": {
          "_events": {},
          "_writableState": {
            "highWaterMark": 16384,
            "length": 0,
            "corked": 0,
            "writelen": 0,
            "bufferedIndex": 0,
            "pendingcb": 0
          },
          "_options": {
            "maxRedirects": 21,
            "maxBodyLength": null,
            "protocol": "http:",
            "path": "/v1/LTC/regtest/rpc",
            "method": "POST",
            "headers": {
              "Accept": "application/json, text/plain, */*",
              "Content-Type": "application/json",
              "User-Agent": "axios/1.8.2",
              "Content-Length": "80",
              "Accept-Encoding": "gzip, compress, deflate, br"
            },
            "agents": {},
            "beforeRedirects": {},
            "hostname": "localhost",
            "port": "1031",
            "nativeProtocols": {
              "http:": {
                "METHODS": [
                  "ACL",
                  "BIND",
                  "CHECKOUT",
                  "CONNECT",
                  "COPY",
                  "DELETE",
                  "GET",
                  "HEAD",
                  "LINK",
                  "LOCK",
                  "M-SEARCH",
                  "MERGE",
                  "MKACTIVITY",
                  "MKCALENDAR",
                  "MKCOL",
                  "MOVE",
                  "NOTIFY",
                  "OPTIONS",
                  "PATCH",
                  "POST",
                  "PROPFIND",
                  "PROPPATCH",
                  "PURGE",
                  "PUT",
                  "QUERY",
                  "REBIND",
                  "REPORT",
                  "SEARCH",
                  "SOURCE",
                  "SUBSCRIBE",
                  "TRACE",
                  "UNBIND",
                  "UNLINK",
                  "UNLOCK",
                  "UNSUBSCRIBE"
                ],
                "STATUS_CODES": {
                  "100": "Continue",
                  "101": "Switching Protocols",
                  "102": "Processing",
                  "103": "Early Hints",
                  "200": "OK",
                  "201": "Created",
                  "202": "Accepted",
                  "203": "Non-Authoritative Information",
                  "204": "No Content",
                  "205": "Reset Content",
                  "206": "Partial Content",
                  "207": "Multi-Status",
                  "208": "Already Reported",
                  "226": "IM Used",
                  "300": "Multiple Choices",
                  "301": "Moved Permanently",
                  "302": "Found",
                  "303": "See Other",
                  "304": "Not Modified",
                  "305": "Use Proxy",
                  "307": "Temporary Redirect",
                  "308": "Permanent Redirect",
                  "400": "Bad Request",
                  "401": "Unauthorized",
                  "402": "Payment Required",
                  "403": "Forbidden",
                  "404": "Not Found",
                  "405": "Method Not Allowed",
                  "406": "Not Acceptable",
                  "407": "Proxy Authentication Required",
                  "408": "Request Timeout",
                  "409": "Conflict",
                  "410": "Gone",
                  "411": "Length Required",
                  "412": "Precondition Failed",
                  "413": "Payload Too Large",
                  "414": "URI Too Long",
                  "415": "Unsupported Media Type",
                  "416": "Range Not Satisfiable",
                  "417": "Expectation Failed",
                  "418": "I'm a Teapot",
                  "421": "Misdirected Request",
                  "422": "Unprocessable Entity",
                  "423": "Locked",
                  "424": "Failed Dependency",
                  "425": "Too Early",
                  "426": "Upgrade Required",
                  "428": "Precondition Required",
                  "429": "Too Many Requests",
                  "431": "Request Header Fields Too Large",
                  "451": "Unavailable For Legal Reasons",
                  "500": "Internal Server Error",
                  "501": "Not Implemented",
                  "502": "Bad Gateway",
                  "503": "Service Unavailable",
                  "504": "Gateway Timeout",
                  "505": "HTTP Version Not Supported",
                  "506": "Variant Also Negotiates",
                  "507": "Insufficient Storage",
                  "508": "Loop Detected",
                  "509": "Bandwidth Limit Exceeded",
                  "510": "Not Extended",
                  "511": "Network Authentication Required"
                },
                "maxHeaderSize": 16384,
                "globalAgent": {
                  "_events": {},
                  "_eventsCount": 2,
                  "defaultPort": 80,
                  "protocol": "http:",
                  "options": {
                    "keepAlive": true,
                    "scheduling": "lifo",
                    "timeout": 5000,
                    "noDelay": true,
                    "path": null
                  },
                  "requests": {},
                  "sockets": {},
                  "freeSockets": {},
                  "keepAliveMsecs": 1000,
                  "keepAlive": true,
                  "maxSockets": null,
                  "maxFreeSockets": 256,
                  "scheduling": "lifo",
                  "maxTotalSockets": null,
                  "totalSocketCount": 0
                }
              },
              "https:": {
                "globalAgent": {
                  "_events": {},
                  "_eventsCount": 2,
                  "defaultPort": 443,
                  "protocol": "https:",
                  "options": {
                    "keepAlive": true,
                    "scheduling": "lifo",
                    "timeout": 5000,
                    "noDelay": true,
                    "path": null
                  },
                  "requests": {},
                  "sockets": {},
                  "freeSockets": {},
                  "keepAliveMsecs": 1000,
                  "keepAlive": true,
                  "maxSockets": null,
                  "maxFreeSockets": 256,
                  "scheduling": "lifo",
                  "maxTotalSockets": null,
                  "totalSocketCount": 0,
                  "maxCachedSessions": 100,
                  "_sessionCache": {
                    "map": {},
                    "list": []
                  }
                }
              }
            },
            "pathname": "/v1/LTC/regtest/rpc"
          },
          "_ended": true,
          "_ending": true,
          "_redirectCount": 0,
          "_redirects": [],
          "_requestBodyLength": 80,
          "_requestBodyBuffers": [
            {
              "data": {
                "type": "Buffer",
                "data": [
                  123,
                  34,
                  109,
                  101,
                  116,
                  104,
                  111,
                  100,
                  34,
                  58,
                  34,
                  115,
                  101,
                  110,
                  100,
                  116,
                  111,
                  97,
                  100,
                  100,
                  114,
                  101,
                  115,
                  115,
                  34,
                  44,
                  34,
                  112,
                  97,
                  114,
                  97,
                  109,
                  115,
                  34,
                  58,
                  34,
                  109,
                  112,
                  88,
                  100,
                  50,
                  100,
                  74,
                  76,
                  115,
                  51,
                  76,
                  111,
                  114,
                  72,
                  102,
                  89,
                  76,
                  122,
                  49,
                  70,
                  51,
                  65,
                  51,
                  103,
                  104,
                  70,
                  101,
                  49,
                  69,
                  90,
                  107,
                  113,
                  69,
                  55,
                  32,
                  49,
                  32,
                  39,
                  39,
                  32,
                  39,
                  39,
                  34,
                  125
                ]
              }
            }
          ],
          "_eventsCount": 3,
          "_currentRequest": {
            "_events": {},
            "_eventsCount": 7,
            "outputData": [],
            "outputSize": 0,
            "writable": true,
            "destroyed": true,
            "_last": false,
            "chunkedEncoding": false,
            "shouldKeepAlive": true,
            "maxRequestsOnConnectionReached": false,
            "_defaultKeepAlive": true,
            "useChunkedEncodingByDefault": true,
            "sendDate": false,
            "_removedConnection": false,
            "_removedContLen": false,
            "_removedTE": false,
            "strictContentLength": false,
            "_contentLength": 80,
            "_hasBody": true,
            "_trailer": "",
            "finished": true,
            "_headerSent": true,
            "_closed": true,
            "_header": "POST /v1/LTC/regtest/rpc HTTP/1.1\r\nAccept: application/json, text/plain, */*\r\nContent-Type: application/json\r\nUser-Agent: axios/1.8.2\r\nContent-Length: 80\r\nAccept-Encoding: gzip, compress, deflate, br\r\nHost: localhost:1031\r\nConnection: keep-alive\r\n\r\n",
            "_keepAliveTimeout": 0,
            "agent": "[object Object]",
            "method": "POST",
            "path": "/v1/LTC/regtest/rpc",
            "_ended": false,
            "res": null,
            "aborted": false,
            "upgradeOrConnect": false,
            "parser": null,
            "maxHeadersCount": null,
            "reusedSocket": false,
            "host": "localhost",
            "protocol": "http:",
            "_redirectable": "[object Object]"
          },
          "_currentUrl": "http://localhost:1031/v1/LTC/regtest/rpc"
        },
        "cause": {
          "code": "ECONNREFUSED"
        },
        "multiple": [
          {
            "message": "",
            "name": "AggregateError",
            "stack": "AggregateError: \n    at Function.AxiosError.from (file:///D:/MetaruneLabs/quia-app-new/QuizApp/node_modules/axios/lib/core/AxiosError.js:92:14)\n    at RedirectableRequest.handleRequestError (file:///D:/MetaruneLabs/quia-app-new/QuizApp/node_modules/axios/lib/adapters/http.js:620:25)\n    at RedirectableRequest.emit (node:events:518:28)\n    at ClientRequest.eventHandlers.<computed> (node_modules\\follow-redirects\\index.js:49:24)\n    at ClientRequest.emit (node:events:518:28)\n    at emitErrorEvent (node:_http_client:104:11)\n    at Socket.socketErrorListener (node:_http_client:518:5)\n    at Socket.emit (node:events:518:28)\n    at emitErrorNT (node:internal/streams/destroy:170:8)\n    at emitErrorCloseNT (node:internal/streams/destroy:129:3)\n    at processTicksAndRejections (node:internal/process/task_queues:90:21)\n    at Axios.request (file:///D:/MetaruneLabs/quia-app-new/QuizApp/node_modules/axios/lib/core/Axios.js:45:41)\n    at processTicksAndRejections (node:internal/process/task_queues:105:5)\n    at $2ec3c2d1d4f551c0$export$bc3f23723d5e1cba._post (file:///D:/MetaruneLabs/quia-app-new/QuizApp/node_modules/@bitcoin-computer/lib/dist/bc-lib.main.es.mjs:1646:19)",
            "config": {
              "transitional": {
                "silentJSONParsing": true,
                "forcedJSONParsing": true,
                "clarifyTimeoutError": false
              },
              "adapter": [
                "xhr",
                "http",
                "fetch"
              ],
              "transformRequest": [
                null
              ],
              "transformResponse": [
                null
              ],
              "timeout": 0,
              "xsrfCookieName": "XSRF-TOKEN",
              "xsrfHeaderName": "X-XSRF-TOKEN",
              "maxContentLength": -1,
              "maxBodyLength": -1,
              "env": {},
              "headers": {
                "Accept": "application/json, text/plain, */*",
                "Content-Type": "application/json",
                "User-Agent": "axios/1.8.2",
                "Content-Length": "80",
                "Accept-Encoding": "gzip, compress, deflate, br"
              },
              "method": "post",
              "url": "http://localhost:1031/v1/LTC/regtest/rpc",
              "data": "{\"method\":\"sendtoaddress\",\"params\":\"mpXd2dJLs3LorHfYLz1F3A3ghFe1EZkqE7 1 '' ''\"}",
              "allowAbsoluteUrls": true
            },
            "code": "ECONNREFUSED"
          }
        ]
      }
    },
    {
      "title": "\"before all\" hook for \"Complete workflow: Teacher creates quiz → Students attempt → Rewards transferred\"",
      "fullTitle": "Complete Quiz Workflow \"before all\" hook for \"Complete workflow: Teacher creates quiz → Students attempt → Rewards transferred\"",
      "file": "D:\\MetaruneLabs\\quia-app-new\\QuizApp\\packages\\quiz-contracts\\dist\\test\\complete-workflow-new.test.js",
      "duration": 120,
      "currentRetry": 0,
      "err": {
        "code": "ECONNREFUSED",
        "errors": [
          {
            "errno": -4078,
            "code": "ECONNREFUSED",
            "syscall": "connect",
            "address": "::1",
            "port": 1031
          },
          {
            "errno": -4078,
            "code": "ECONNREFUSED",
            "syscall": "connect",
            "address": "127.0.0.1",
            "port": 1031
          }
        ],
        "stack": "AggregateError: \n    at Function.AxiosError.from (file:///D:/MetaruneLabs/quia-app-new/QuizApp/node_modules/axios/lib/core/AxiosError.js:92:14)\n    at RedirectableRequest.handleRequestError (file:///D:/MetaruneLabs/quia-app-new/QuizApp/node_modules/axios/lib/adapters/http.js:620:25)\n    at RedirectableRequest.emit (node:events:518:28)\n    at ClientRequest.eventHandlers.<computed> (node_modules\\follow-redirects\\index.js:49:24)\n    at ClientRequest.emit (node:events:518:28)\n    at emitErrorEvent (node:_http_client:104:11)\n    at Socket.socketErrorListener (node:_http_client:518:5)\n    at Socket.emit (node:events:518:28)\n    at emitErrorNT (node:internal/streams/destroy:170:8)\n    at emitErrorCloseNT (node:internal/streams/destroy:129:3)\n    at processTicksAndRejections (node:internal/process/task_queues:90:21)\n    at Axios.request (file:///D:/MetaruneLabs/quia-app-new/QuizApp/node_modules/axios/lib/core/Axios.js:45:41)\n    at processTicksAndRejections (node:internal/process/task_queues:105:5)\n    at $2ec3c2d1d4f551c0$export$bc3f23723d5e1cba._post (file:///D:/MetaruneLabs/quia-app-new/QuizApp/node_modules/@bitcoin-computer/lib/dist/bc-lib.main.es.mjs:1646:19)",
        "message": "",
        "name": "AggregateError",
        "config": {
          "transitional": {
            "silentJSONParsing": true,
            "forcedJSONParsing": true,
            "clarifyTimeoutError": false
          },
          "adapter": [
            "xhr",
            "http",
            "fetch"
          ],
          "transformRequest": [
            null
          ],
          "transformResponse": [
            null
          ],
          "timeout": 0,
          "xsrfCookieName": "XSRF-TOKEN",
          "xsrfHeaderName": "X-XSRF-TOKEN",
          "maxContentLength": -1,
          "maxBodyLength": -1,
          "env": {},
          "headers": {
            "Accept": "application/json, text/plain, */*",
            "Content-Type": "application/json",
            "User-Agent": "axios/1.8.2",
            "Content-Length": "80",
            "Accept-Encoding": "gzip, compress, deflate, br"
          },
          "method": "post",
          "url": "http://localhost:1031/v1/LTC/regtest/rpc",
          "data": "{\"method\":\"sendtoaddress\",\"params\":\"mgWSdhGNbNznAdRFzWf9uxnWbz9zXS3LZi 1 '' ''\"}",
          "allowAbsoluteUrls": true
        },
        "request": {
          "_events": {},
          "_writableState": {
            "highWaterMark": 16384,
            "length": 0,
            "corked": 0,
            "writelen": 0,
            "bufferedIndex": 0,
            "pendingcb": 0
          },
          "_options": {
            "maxRedirects": 21,
            "maxBodyLength": null,
            "protocol": "http:",
            "path": "/v1/LTC/regtest/rpc",
            "method": "POST",
            "headers": {
              "Accept": "application/json, text/plain, */*",
              "Content-Type": "application/json",
              "User-Agent": "axios/1.8.2",
              "Content-Length": "80",
              "Accept-Encoding": "gzip, compress, deflate, br"
            },
            "agents": {},
            "beforeRedirects": {},
            "hostname": "localhost",
            "port": "1031",
            "nativeProtocols": {
              "http:": {
                "METHODS": [
                  "ACL",
                  "BIND",
                  "CHECKOUT",
                  "CONNECT",
                  "COPY",
                  "DELETE",
                  "GET",
                  "HEAD",
                  "LINK",
                  "LOCK",
                  "M-SEARCH",
                  "MERGE",
                  "MKACTIVITY",
                  "MKCALENDAR",
                  "MKCOL",
                  "MOVE",
                  "NOTIFY",
                  "OPTIONS",
                  "PATCH",
                  "POST",
                  "PROPFIND",
                  "PROPPATCH",
                  "PURGE",
                  "PUT",
                  "QUERY",
                  "REBIND",
                  "REPORT",
                  "SEARCH",
                  "SOURCE",
                  "SUBSCRIBE",
                  "TRACE",
                  "UNBIND",
                  "UNLINK",
                  "UNLOCK",
                  "UNSUBSCRIBE"
                ],
                "STATUS_CODES": {
                  "100": "Continue",
                  "101": "Switching Protocols",
                  "102": "Processing",
                  "103": "Early Hints",
                  "200": "OK",
                  "201": "Created",
                  "202": "Accepted",
                  "203": "Non-Authoritative Information",
                  "204": "No Content",
                  "205": "Reset Content",
                  "206": "Partial Content",
                  "207": "Multi-Status",
                  "208": "Already Reported",
                  "226": "IM Used",
                  "300": "Multiple Choices",
                  "301": "Moved Permanently",
                  "302": "Found",
                  "303": "See Other",
                  "304": "Not Modified",
                  "305": "Use Proxy",
                  "307": "Temporary Redirect",
                  "308": "Permanent Redirect",
                  "400": "Bad Request",
                  "401": "Unauthorized",
                  "402": "Payment Required",
                  "403": "Forbidden",
                  "404": "Not Found",
                  "405": "Method Not Allowed",
                  "406": "Not Acceptable",
                  "407": "Proxy Authentication Required",
                  "408": "Request Timeout",
                  "409": "Conflict",
                  "410": "Gone",
                  "411": "Length Required",
                  "412": "Precondition Failed",
                  "413": "Payload Too Large",
                  "414": "URI Too Long",
                  "415": "Unsupported Media Type",
                  "416": "Range Not Satisfiable",
                  "417": "Expectation Failed",
                  "418": "I'm a Teapot",
                  "421": "Misdirected Request",
                  "422": "Unprocessable Entity",
                  "423": "Locked",
                  "424": "Failed Dependency",
                  "425": "Too Early",
                  "426": "Upgrade Required",
                  "428": "Precondition Required",
                  "429": "Too Many Requests",
                  "431": "Request Header Fields Too Large",
                  "451": "Unavailable For Legal Reasons",
                  "500": "Internal Server Error",
                  "501": "Not Implemented",
                  "502": "Bad Gateway",
                  "503": "Service Unavailable",
                  "504": "Gateway Timeout",
                  "505": "HTTP Version Not Supported",
                  "506": "Variant Also Negotiates",
                  "507": "Insufficient Storage",
                  "508": "Loop Detected",
                  "509": "Bandwidth Limit Exceeded",
                  "510": "Not Extended",
                  "511": "Network Authentication Required"
                },
                "maxHeaderSize": 16384,
                "globalAgent": {
                  "_events": {},
                  "_eventsCount": 2,
                  "defaultPort": 80,
                  "protocol": "http:",
                  "options": {
                    "keepAlive": true,
                    "scheduling": "lifo",
                    "timeout": 5000,
                    "noDelay": true,
                    "path": null
                  },
                  "requests": {},
                  "sockets": {},
                  "freeSockets": {},
                  "keepAliveMsecs": 1000,
                  "keepAlive": true,
                  "maxSockets": null,
                  "maxFreeSockets": 256,
                  "scheduling": "lifo",
                  "maxTotalSockets": null,
                  "totalSocketCount": 0
                }
              },
              "https:": {
                "globalAgent": {
                  "_events": {},
                  "_eventsCount": 2,
                  "defaultPort": 443,
                  "protocol": "https:",
                  "options": {
                    "keepAlive": true,
                    "scheduling": "lifo",
                    "timeout": 5000,
                    "noDelay": true,
                    "path": null
                  },
                  "requests": {},
                  "sockets": {},
                  "freeSockets": {},
                  "keepAliveMsecs": 1000,
                  "keepAlive": true,
                  "maxSockets": null,
                  "maxFreeSockets": 256,
                  "scheduling": "lifo",
                  "maxTotalSockets": null,
                  "totalSocketCount": 0,
                  "maxCachedSessions": 100,
                  "_sessionCache": {
                    "map": {},
                    "list": []
                  }
                }
              }
            },
            "pathname": "/v1/LTC/regtest/rpc"
          },
          "_ended": true,
          "_ending": true,
          "_redirectCount": 0,
          "_redirects": [],
          "_requestBodyLength": 80,
          "_requestBodyBuffers": [
            {
              "data": {
                "type": "Buffer",
                "data": [
                  123,
                  34,
                  109,
                  101,
                  116,
                  104,
                  111,
                  100,
                  34,
                  58,
                  34,
                  115,
                  101,
                  110,
                  100,
                  116,
                  111,
                  97,
                  100,
                  100,
                  114,
                  101,
                  115,
                  115,
                  34,
                  44,
                  34,
                  112,
                  97,
                  114,
                  97,
                  109,
                  115,
                  34,
                  58,
                  34,
                  109,
                  103,
                  87,
                  83,
                  100,
                  104,
                  71,
                  78,
                  98,
                  78,
                  122,
                  110,
                  65,
                  100,
                  82,
                  70,
                  122,
                  87,
                  102,
                  57,
                  117,
                  120,
                  110,
                  87,
                  98,
                  122,
                  57,
                  122,
                  88,
                  83,
                  51,
                  76,
                  90,
                  105,
                  32,
                  49,
                  32,
                  39,
                  39,
                  32,
                  39,
                  39,
                  34,
                  125
                ]
              }
            }
          ],
          "_eventsCount": 3,
          "_currentRequest": {
            "_events": {},
            "_eventsCount": 7,
            "outputData": [],
            "outputSize": 0,
            "writable": true,
            "destroyed": true,
            "_last": false,
            "chunkedEncoding": false,
            "shouldKeepAlive": true,
            "maxRequestsOnConnectionReached": false,
            "_defaultKeepAlive": true,
            "useChunkedEncodingByDefault": true,
            "sendDate": false,
            "_removedConnection": false,
            "_removedContLen": false,
            "_removedTE": false,
            "strictContentLength": false,
            "_contentLength": 80,
            "_hasBody": true,
            "_trailer": "",
            "finished": true,
            "_headerSent": true,
            "_closed": true,
            "_header": "POST /v1/LTC/regtest/rpc HTTP/1.1\r\nAccept: application/json, text/plain, */*\r\nContent-Type: application/json\r\nUser-Agent: axios/1.8.2\r\nContent-Length: 80\r\nAccept-Encoding: gzip, compress, deflate, br\r\nHost: localhost:1031\r\nConnection: keep-alive\r\n\r\n",
            "_keepAliveTimeout": 0,
            "agent": "[object Object]",
            "method": "POST",
            "path": "/v1/LTC/regtest/rpc",
            "_ended": false,
            "res": null,
            "aborted": false,
            "upgradeOrConnect": false,
            "parser": null,
            "maxHeadersCount": null,
            "reusedSocket": false,
            "host": "localhost",
            "protocol": "http:",
            "_redirectable": "[object Object]"
          },
          "_currentUrl": "http://localhost:1031/v1/LTC/regtest/rpc"
        },
        "cause": {
          "code": "ECONNREFUSED"
        },
        "multiple": [
          {
            "message": "",
            "name": "AggregateError",
            "stack": "AggregateError: \n    at Function.AxiosError.from (file:///D:/MetaruneLabs/quia-app-new/QuizApp/node_modules/axios/lib/core/AxiosError.js:92:14)\n    at RedirectableRequest.handleRequestError (file:///D:/MetaruneLabs/quia-app-new/QuizApp/node_modules/axios/lib/adapters/http.js:620:25)\n    at RedirectableRequest.emit (node:events:518:28)\n    at ClientRequest.eventHandlers.<computed> (node_modules\\follow-redirects\\index.js:49:24)\n    at ClientRequest.emit (node:events:518:28)\n    at emitErrorEvent (node:_http_client:104:11)\n    at Socket.socketErrorListener (node:_http_client:518:5)\n    at Socket.emit (node:events:518:28)\n    at emitErrorNT (node:internal/streams/destroy:170:8)\n    at emitErrorCloseNT (node:internal/streams/destroy:129:3)\n    at processTicksAndRejections (node:internal/process/task_queues:90:21)\n    at Axios.request (file:///D:/MetaruneLabs/quia-app-new/QuizApp/node_modules/axios/lib/core/Axios.js:45:41)\n    at processTicksAndRejections (node:internal/process/task_queues:105:5)\n    at $2ec3c2d1d4f551c0$export$bc3f23723d5e1cba._post (file:///D:/MetaruneLabs/quia-app-new/QuizApp/node_modules/@bitcoin-computer/lib/dist/bc-lib.main.es.mjs:1646:19)",
            "config": {
              "transitional": {
                "silentJSONParsing": true,
                "forcedJSONParsing": true,
                "clarifyTimeoutError": false
              },
              "adapter": [
                "xhr",
                "http",
                "fetch"
              ],
              "transformRequest": [
                null
              ],
              "transformResponse": [
                null
              ],
              "timeout": 0,
              "xsrfCookieName": "XSRF-TOKEN",
              "xsrfHeaderName": "X-XSRF-TOKEN",
              "maxContentLength": -1,
              "maxBodyLength": -1,
              "env": {},
              "headers": {
                "Accept": "application/json, text/plain, */*",
                "Content-Type": "application/json",
                "User-Agent": "axios/1.8.2",
                "Content-Length": "80",
                "Accept-Encoding": "gzip, compress, deflate, br"
              },
              "method": "post",
              "url": "http://localhost:1031/v1/LTC/regtest/rpc",
              "data": "{\"method\":\"sendtoaddress\",\"params\":\"mgWSdhGNbNznAdRFzWf9uxnWbz9zXS3LZi 1 '' ''\"}",
              "allowAbsoluteUrls": true
            },
            "code": "ECONNREFUSED"
          }
        ]
      }
    },
    {
      "title": "\"before each\" hook for \"should debug payment transfer mechanism\"",
      "fullTitle": "Debug Transfer Test \"before each\" hook for \"should debug payment transfer mechanism\"",
      "file": "D:\\MetaruneLabs\\quia-app-new\\QuizApp\\packages\\quiz-contracts\\dist\\test\\debug-transfer.test.js",
      "duration": 0,
      "currentRetry": 0,
      "err": {
        "stack": "Error: Invalid properties provided: username, password\n    at new $8d365481285a8527$export$ea8b5b3aea9558ce (file:///D:/MetaruneLabs/quia-app-new/QuizApp/node_modules/@bitcoin-computer/lib/dist/bc-lib.main.es.mjs:1738:13)\n    at new $44008b8d482d4906$export$bcca3ea514774656 (file:///D:/MetaruneLabs/quia-app-new/QuizApp/node_modules/@bitcoin-computer/lib/dist/bc-lib.main.es.mjs:4152:29)\n    at new $70d9a433482b684f$export$14be6456f8698719 (file:///D:/MetaruneLabs/quia-app-new/QuizApp/node_modules/@bitcoin-computer/lib/dist/bc-lib.main.es.mjs:4642:25)\n    at new $f30cebd5cae3ba4b$export$2454fd0de010f4bb (file:///D:/MetaruneLabs/quia-app-new/QuizApp/node_modules/@bitcoin-computer/lib/dist/bc-lib.main.es.mjs:5056:18)\n    at Context.<anonymous> (file:///D:/MetaruneLabs/quia-app-new/QuizApp/packages/quiz-contracts/dist/test/debug-transfer.test.js:13:27)\n    at processImmediate (node:internal/timers:485:21)",
        "message": "Invalid properties provided: username, password",
        "multiple": [
          {
            "multiple": "Error: Invalid properties provided: username, password"
          }
        ]
      }
    },
    {
      "title": "\"before all\" hook for \"should transfer payment from teacher to student\"",
      "fullTitle": "Payment Transfer Test \"before all\" hook for \"should transfer payment from teacher to student\"",
      "file": "D:\\MetaruneLabs\\quia-app-new\\QuizApp\\packages\\quiz-contracts\\dist\\test\\payment-transfer.test.js",
      "duration": 141,
      "currentRetry": 0,
      "err": {
        "code": "ECONNREFUSED",
        "errors": [
          {
            "errno": -4078,
            "code": "ECONNREFUSED",
            "syscall": "connect",
            "address": "::1",
            "port": 1031
          },
          {
            "errno": -4078,
            "code": "ECONNREFUSED",
            "syscall": "connect",
            "address": "127.0.0.1",
            "port": 1031
          }
        ],
        "stack": "AggregateError: \n    at Function.AxiosError.from (file:///D:/MetaruneLabs/quia-app-new/QuizApp/node_modules/axios/lib/core/AxiosError.js:92:14)\n    at RedirectableRequest.handleRequestError (file:///D:/MetaruneLabs/quia-app-new/QuizApp/node_modules/axios/lib/adapters/http.js:620:25)\n    at RedirectableRequest.emit (node:events:518:28)\n    at ClientRequest.eventHandlers.<computed> (node_modules\\follow-redirects\\index.js:49:24)\n    at ClientRequest.emit (node:events:518:28)\n    at emitErrorEvent (node:_http_client:104:11)\n    at Socket.socketErrorListener (node:_http_client:518:5)\n    at Socket.emit (node:events:518:28)\n    at emitErrorNT (node:internal/streams/destroy:170:8)\n    at emitErrorCloseNT (node:internal/streams/destroy:129:3)\n    at processTicksAndRejections (node:internal/process/task_queues:90:21)\n    at Axios.request (file:///D:/MetaruneLabs/quia-app-new/QuizApp/node_modules/axios/lib/core/Axios.js:45:41)\n    at processTicksAndRejections (node:internal/process/task_queues:105:5)\n    at $2ec3c2d1d4f551c0$export$bc3f23723d5e1cba._post (file:///D:/MetaruneLabs/quia-app-new/QuizApp/node_modules/@bitcoin-computer/lib/dist/bc-lib.main.es.mjs:1646:19)",
        "message": "",
        "name": "AggregateError",
        "config": {
          "transitional": {
            "silentJSONParsing": true,
            "forcedJSONParsing": true,
            "clarifyTimeoutError": false
          },
          "adapter": [
            "xhr",
            "http",
            "fetch"
          ],
          "transformRequest": [
            null
          ],
          "transformResponse": [
            null
          ],
          "timeout": 0,
          "xsrfCookieName": "XSRF-TOKEN",
          "xsrfHeaderName": "X-XSRF-TOKEN",
          "maxContentLength": -1,
          "maxBodyLength": -1,
          "env": {},
          "headers": {
            "Accept": "application/json, text/plain, */*",
            "Content-Type": "application/json",
            "User-Agent": "axios/1.8.2",
            "Content-Length": "80",
            "Accept-Encoding": "gzip, compress, deflate, br"
          },
          "method": "post",
          "url": "http://localhost:1031/v1/LTC/regtest/rpc",
          "data": "{\"method\":\"sendtoaddress\",\"params\":\"mhZ3dPc2L8zpS2SVSGSFHrJMuR6HAXQskc 1 '' ''\"}",
          "allowAbsoluteUrls": true
        },
        "request": {
          "_events": {},
          "_writableState": {
            "highWaterMark": 16384,
            "length": 0,
            "corked": 0,
            "writelen": 0,
            "bufferedIndex": 0,
            "pendingcb": 0
          },
          "_options": {
            "maxRedirects": 21,
            "maxBodyLength": null,
            "protocol": "http:",
            "path": "/v1/LTC/regtest/rpc",
            "method": "POST",
            "headers": {
              "Accept": "application/json, text/plain, */*",
              "Content-Type": "application/json",
              "User-Agent": "axios/1.8.2",
              "Content-Length": "80",
              "Accept-Encoding": "gzip, compress, deflate, br"
            },
            "agents": {},
            "beforeRedirects": {},
            "hostname": "localhost",
            "port": "1031",
            "nativeProtocols": {
              "http:": {
                "METHODS": [
                  "ACL",
                  "BIND",
                  "CHECKOUT",
                  "CONNECT",
                  "COPY",
                  "DELETE",
                  "GET",
                  "HEAD",
                  "LINK",
                  "LOCK",
                  "M-SEARCH",
                  "MERGE",
                  "MKACTIVITY",
                  "MKCALENDAR",
                  "MKCOL",
                  "MOVE",
                  "NOTIFY",
                  "OPTIONS",
                  "PATCH",
                  "POST",
                  "PROPFIND",
                  "PROPPATCH",
                  "PURGE",
                  "PUT",
                  "QUERY",
                  "REBIND",
                  "REPORT",
                  "SEARCH",
                  "SOURCE",
                  "SUBSCRIBE",
                  "TRACE",
                  "UNBIND",
                  "UNLINK",
                  "UNLOCK",
                  "UNSUBSCRIBE"
                ],
                "STATUS_CODES": {
                  "100": "Continue",
                  "101": "Switching Protocols",
                  "102": "Processing",
                  "103": "Early Hints",
                  "200": "OK",
                  "201": "Created",
                  "202": "Accepted",
                  "203": "Non-Authoritative Information",
                  "204": "No Content",
                  "205": "Reset Content",
                  "206": "Partial Content",
                  "207": "Multi-Status",
                  "208": "Already Reported",
                  "226": "IM Used",
                  "300": "Multiple Choices",
                  "301": "Moved Permanently",
                  "302": "Found",
                  "303": "See Other",
                  "304": "Not Modified",
                  "305": "Use Proxy",
                  "307": "Temporary Redirect",
                  "308": "Permanent Redirect",
                  "400": "Bad Request",
                  "401": "Unauthorized",
                  "402": "Payment Required",
                  "403": "Forbidden",
                  "404": "Not Found",
                  "405": "Method Not Allowed",
                  "406": "Not Acceptable",
                  "407": "Proxy Authentication Required",
                  "408": "Request Timeout",
                  "409": "Conflict",
                  "410": "Gone",
                  "411": "Length Required",
                  "412": "Precondition Failed",
                  "413": "Payload Too Large",
                  "414": "URI Too Long",
                  "415": "Unsupported Media Type",
                  "416": "Range Not Satisfiable",
                  "417": "Expectation Failed",
                  "418": "I'm a Teapot",
                  "421": "Misdirected Request",
                  "422": "Unprocessable Entity",
                  "423": "Locked",
                  "424": "Failed Dependency",
                  "425": "Too Early",
                  "426": "Upgrade Required",
                  "428": "Precondition Required",
                  "429": "Too Many Requests",
                  "431": "Request Header Fields Too Large",
                  "451": "Unavailable For Legal Reasons",
                  "500": "Internal Server Error",
                  "501": "Not Implemented",
                  "502": "Bad Gateway",
                  "503": "Service Unavailable",
                  "504": "Gateway Timeout",
                  "505": "HTTP Version Not Supported",
                  "506": "Variant Also Negotiates",
                  "507": "Insufficient Storage",
                  "508": "Loop Detected",
                  "509": "Bandwidth Limit Exceeded",
                  "510": "Not Extended",
                  "511": "Network Authentication Required"
                },
                "maxHeaderSize": 16384,
                "globalAgent": {
                  "_events": {},
                  "_eventsCount": 2,
                  "defaultPort": 80,
                  "protocol": "http:",
                  "options": {
                    "keepAlive": true,
                    "scheduling": "lifo",
                    "timeout": 5000,
                    "noDelay": true,
                    "path": null
                  },
                  "requests": {},
                  "sockets": {},
                  "freeSockets": {},
                  "keepAliveMsecs": 1000,
                  "keepAlive": true,
                  "maxSockets": null,
                  "maxFreeSockets": 256,
                  "scheduling": "lifo",
                  "maxTotalSockets": null,
                  "totalSocketCount": 0
                }
              },
              "https:": {
                "globalAgent": {
                  "_events": {},
                  "_eventsCount": 2,
                  "defaultPort": 443,
                  "protocol": "https:",
                  "options": {
                    "keepAlive": true,
                    "scheduling": "lifo",
                    "timeout": 5000,
                    "noDelay": true,
                    "path": null
                  },
                  "requests": {},
                  "sockets": {},
                  "freeSockets": {},
                  "keepAliveMsecs": 1000,
                  "keepAlive": true,
                  "maxSockets": null,
                  "maxFreeSockets": 256,
                  "scheduling": "lifo",
                  "maxTotalSockets": null,
                  "totalSocketCount": 0,
                  "maxCachedSessions": 100,
                  "_sessionCache": {
                    "map": {},
                    "list": []
                  }
                }
              }
            },
            "pathname": "/v1/LTC/regtest/rpc"
          },
          "_ended": true,
          "_ending": true,
          "_redirectCount": 0,
          "_redirects": [],
          "_requestBodyLength": 80,
          "_requestBodyBuffers": [
            {
              "data": {
                "type": "Buffer",
                "data": [
                  123,
                  34,
                  109,
                  101,
                  116,
                  104,
                  111,
                  100,
                  34,
                  58,
                  34,
                  115,
                  101,
                  110,
                  100,
                  116,
                  111,
                  97,
                  100,
                  100,
                  114,
                  101,
                  115,
                  115,
                  34,
                  44,
                  34,
                  112,
                  97,
                  114,
                  97,
                  109,
                  115,
                  34,
                  58,
                  34,
                  109,
                  104,
                  90,
                  51,
                  100,
                  80,
                  99,
                  50,
                  76,
                  56,
                  122,
                  112,
                  83,
                  50,
                  83,
                  86,
                  83,
                  71,
                  83,
                  70,
                  72,
                  114,
                  74,
                  77,
                  117,
                  82,
                  54,
                  72,
                  65,
                  88,
                  81,
                  115,
                  107,
                  99,
                  32,
                  49,
                  32,
                  39,
                  39,
                  32,
                  39,
                  39,
                  34,
                  125
                ]
              }
            }
          ],
          "_eventsCount": 3,
          "_currentRequest": {
            "_events": {},
            "_eventsCount": 7,
            "outputData": [],
            "outputSize": 0,
            "writable": true,
            "destroyed": true,
            "_last": false,
            "chunkedEncoding": false,
            "shouldKeepAlive": true,
            "maxRequestsOnConnectionReached": false,
            "_defaultKeepAlive": true,
            "useChunkedEncodingByDefault": true,
            "sendDate": false,
            "_removedConnection": false,
            "_removedContLen": false,
            "_removedTE": false,
            "strictContentLength": false,
            "_contentLength": 80,
            "_hasBody": true,
            "_trailer": "",
            "finished": true,
            "_headerSent": true,
            "_closed": true,
            "_header": "POST /v1/LTC/regtest/rpc HTTP/1.1\r\nAccept: application/json, text/plain, */*\r\nContent-Type: application/json\r\nUser-Agent: axios/1.8.2\r\nContent-Length: 80\r\nAccept-Encoding: gzip, compress, deflate, br\r\nHost: localhost:1031\r\nConnection: keep-alive\r\n\r\n",
            "_keepAliveTimeout": 0,
            "agent": "[object Object]",
            "method": "POST",
            "path": "/v1/LTC/regtest/rpc",
            "_ended": false,
            "res": null,
            "aborted": false,
            "upgradeOrConnect": false,
            "parser": null,
            "maxHeadersCount": null,
            "reusedSocket": false,
            "host": "localhost",
            "protocol": "http:",
            "_redirectable": "[object Object]"
          },
          "_currentUrl": "http://localhost:1031/v1/LTC/regtest/rpc"
        },
        "cause": {
          "code": "ECONNREFUSED"
        },
        "multiple": [
          {
            "message": "",
            "name": "AggregateError",
            "stack": "AggregateError: \n    at Function.AxiosError.from (file:///D:/MetaruneLabs/quia-app-new/QuizApp/node_modules/axios/lib/core/AxiosError.js:92:14)\n    at RedirectableRequest.handleRequestError (file:///D:/MetaruneLabs/quia-app-new/QuizApp/node_modules/axios/lib/adapters/http.js:620:25)\n    at RedirectableRequest.emit (node:events:518:28)\n    at ClientRequest.eventHandlers.<computed> (node_modules\\follow-redirects\\index.js:49:24)\n    at ClientRequest.emit (node:events:518:28)\n    at emitErrorEvent (node:_http_client:104:11)\n    at Socket.socketErrorListener (node:_http_client:518:5)\n    at Socket.emit (node:events:518:28)\n    at emitErrorNT (node:internal/streams/destroy:170:8)\n    at emitErrorCloseNT (node:internal/streams/destroy:129:3)\n    at processTicksAndRejections (node:internal/process/task_queues:90:21)\n    at Axios.request (file:///D:/MetaruneLabs/quia-app-new/QuizApp/node_modules/axios/lib/core/Axios.js:45:41)\n    at processTicksAndRejections (node:internal/process/task_queues:105:5)\n    at $2ec3c2d1d4f551c0$export$bc3f23723d5e1cba._post (file:///D:/MetaruneLabs/quia-app-new/QuizApp/node_modules/@bitcoin-computer/lib/dist/bc-lib.main.es.mjs:1646:19)",
            "config": {
              "transitional": {
                "silentJSONParsing": true,
                "forcedJSONParsing": true,
                "clarifyTimeoutError": false
              },
              "adapter": [
                "xhr",
                "http",
                "fetch"
              ],
              "transformRequest": [
                null
              ],
              "transformResponse": [
                null
              ],
              "timeout": 0,
              "xsrfCookieName": "XSRF-TOKEN",
              "xsrfHeaderName": "X-XSRF-TOKEN",
              "maxContentLength": -1,
              "maxBodyLength": -1,
              "env": {},
              "headers": {
                "Accept": "application/json, text/plain, */*",
                "Content-Type": "application/json",
                "User-Agent": "axios/1.8.2",
                "Content-Length": "80",
                "Accept-Encoding": "gzip, compress, deflate, br"
              },
              "method": "post",
              "url": "http://localhost:1031/v1/LTC/regtest/rpc",
              "data": "{\"method\":\"sendtoaddress\",\"params\":\"mhZ3dPc2L8zpS2SVSGSFHrJMuR6HAXQskc 1 '' ''\"}",
              "allowAbsoluteUrls": true
            },
            "code": "ECONNREFUSED"
          }
        ]
      }
    },
    {
      "title": "\"before all\" hook: Before in \"Payment\"",
      "fullTitle": "Payment \"before all\" hook: Before in \"Payment\"",
      "file": "D:\\MetaruneLabs\\quia-app-new\\QuizApp\\packages\\quiz-contracts\\dist\\test\\payment.test.js",
      "duration": 39,
      "currentRetry": 0,
      "err": {
        "code": "ECONNREFUSED",
        "errors": [
          {
            "errno": -4078,
            "code": "ECONNREFUSED",
            "syscall": "connect",
            "address": "::1",
            "port": 1031
          },
          {
            "errno": -4078,
            "code": "ECONNREFUSED",
            "syscall": "connect",
            "address": "127.0.0.1",
            "port": 1031
          }
        ],
        "stack": "AggregateError: \n    at Function.AxiosError.from (file:///D:/MetaruneLabs/quia-app-new/QuizApp/node_modules/axios/lib/core/AxiosError.js:92:14)\n    at RedirectableRequest.handleRequestError (file:///D:/MetaruneLabs/quia-app-new/QuizApp/node_modules/axios/lib/adapters/http.js:620:25)\n    at RedirectableRequest.emit (node:events:518:28)\n    at ClientRequest.eventHandlers.<computed> (node_modules\\follow-redirects\\index.js:49:24)\n    at ClientRequest.emit (node:events:518:28)\n    at emitErrorEvent (node:_http_client:104:11)\n    at Socket.socketErrorListener (node:_http_client:518:5)\n    at Socket.emit (node:events:518:28)\n    at emitErrorNT (node:internal/streams/destroy:170:8)\n    at emitErrorCloseNT (node:internal/streams/destroy:129:3)\n    at processTicksAndRejections (node:internal/process/task_queues:90:21)\n    at Axios.request (file:///D:/MetaruneLabs/quia-app-new/QuizApp/node_modules/axios/lib/core/Axios.js:45:41)\n    at processTicksAndRejections (node:internal/process/task_queues:105:5)\n    at $2ec3c2d1d4f551c0$export$bc3f23723d5e1cba._post (file:///D:/MetaruneLabs/quia-app-new/QuizApp/node_modules/@bitcoin-computer/lib/dist/bc-lib.main.es.mjs:1646:19)",
        "message": "",
        "name": "AggregateError",
        "config": {
          "transitional": {
            "silentJSONParsing": true,
            "forcedJSONParsing": true,
            "clarifyTimeoutError": false
          },
          "adapter": [
            "xhr",
            "http",
            "fetch"
          ],
          "transformRequest": [
            null
          ],
          "transformResponse": [
            null
          ],
          "timeout": 0,
          "xsrfCookieName": "XSRF-TOKEN",
          "xsrfHeaderName": "X-XSRF-TOKEN",
          "maxContentLength": -1,
          "maxBodyLength": -1,
          "env": {},
          "headers": {
            "Accept": "application/json, text/plain, */*",
            "Content-Type": "application/json",
            "User-Agent": "axios/1.8.2",
            "Content-Length": "80",
            "Accept-Encoding": "gzip, compress, deflate, br"
          },
          "method": "post",
          "url": "http://localhost:1031/v1/LTC/regtest/rpc",
          "data": "{\"method\":\"sendtoaddress\",\"params\":\"mmo8KWQWALw7qmtqZFyBMGaW4XPMPXgJaK 4 '' ''\"}",
          "allowAbsoluteUrls": true
        },
        "request": {
          "_events": {},
          "_writableState": {
            "highWaterMark": 16384,
            "length": 0,
            "corked": 0,
            "writelen": 0,
            "bufferedIndex": 0,
            "pendingcb": 0
          },
          "_options": {
            "maxRedirects": 21,
            "maxBodyLength": null,
            "protocol": "http:",
            "path": "/v1/LTC/regtest/rpc",
            "method": "POST",
            "headers": {
              "Accept": "application/json, text/plain, */*",
              "Content-Type": "application/json",
              "User-Agent": "axios/1.8.2",
              "Content-Length": "80",
              "Accept-Encoding": "gzip, compress, deflate, br"
            },
            "agents": {},
            "beforeRedirects": {},
            "hostname": "localhost",
            "port": "1031",
            "nativeProtocols": {
              "http:": {
                "METHODS": [
                  "ACL",
                  "BIND",
                  "CHECKOUT",
                  "CONNECT",
                  "COPY",
                  "DELETE",
                  "GET",
                  "HEAD",
                  "LINK",
                  "LOCK",
                  "M-SEARCH",
                  "MERGE",
                  "MKACTIVITY",
                  "MKCALENDAR",
                  "MKCOL",
                  "MOVE",
                  "NOTIFY",
                  "OPTIONS",
                  "PATCH",
                  "POST",
                  "PROPFIND",
                  "PROPPATCH",
                  "PURGE",
                  "PUT",
                  "QUERY",
                  "REBIND",
                  "REPORT",
                  "SEARCH",
                  "SOURCE",
                  "SUBSCRIBE",
                  "TRACE",
                  "UNBIND",
                  "UNLINK",
                  "UNLOCK",
                  "UNSUBSCRIBE"
                ],
                "STATUS_CODES": {
                  "100": "Continue",
                  "101": "Switching Protocols",
                  "102": "Processing",
                  "103": "Early Hints",
                  "200": "OK",
                  "201": "Created",
                  "202": "Accepted",
                  "203": "Non-Authoritative Information",
                  "204": "No Content",
                  "205": "Reset Content",
                  "206": "Partial Content",
                  "207": "Multi-Status",
                  "208": "Already Reported",
                  "226": "IM Used",
                  "300": "Multiple Choices",
                  "301": "Moved Permanently",
                  "302": "Found",
                  "303": "See Other",
                  "304": "Not Modified",
                  "305": "Use Proxy",
                  "307": "Temporary Redirect",
                  "308": "Permanent Redirect",
                  "400": "Bad Request",
                  "401": "Unauthorized",
                  "402": "Payment Required",
                  "403": "Forbidden",
                  "404": "Not Found",
                  "405": "Method Not Allowed",
                  "406": "Not Acceptable",
                  "407": "Proxy Authentication Required",
                  "408": "Request Timeout",
                  "409": "Conflict",
                  "410": "Gone",
                  "411": "Length Required",
                  "412": "Precondition Failed",
                  "413": "Payload Too Large",
                  "414": "URI Too Long",
                  "415": "Unsupported Media Type",
                  "416": "Range Not Satisfiable",
                  "417": "Expectation Failed",
                  "418": "I'm a Teapot",
                  "421": "Misdirected Request",
                  "422": "Unprocessable Entity",
                  "423": "Locked",
                  "424": "Failed Dependency",
                  "425": "Too Early",
                  "426": "Upgrade Required",
                  "428": "Precondition Required",
                  "429": "Too Many Requests",
                  "431": "Request Header Fields Too Large",
                  "451": "Unavailable For Legal Reasons",
                  "500": "Internal Server Error",
                  "501": "Not Implemented",
                  "502": "Bad Gateway",
                  "503": "Service Unavailable",
                  "504": "Gateway Timeout",
                  "505": "HTTP Version Not Supported",
                  "506": "Variant Also Negotiates",
                  "507": "Insufficient Storage",
                  "508": "Loop Detected",
                  "509": "Bandwidth Limit Exceeded",
                  "510": "Not Extended",
                  "511": "Network Authentication Required"
                },
                "maxHeaderSize": 16384,
                "globalAgent": {
                  "_events": {},
                  "_eventsCount": 2,
                  "defaultPort": 80,
                  "protocol": "http:",
                  "options": {
                    "keepAlive": true,
                    "scheduling": "lifo",
                    "timeout": 5000,
                    "noDelay": true,
                    "path": null
                  },
                  "requests": {},
                  "sockets": {},
                  "freeSockets": {},
                  "keepAliveMsecs": 1000,
                  "keepAlive": true,
                  "maxSockets": null,
                  "maxFreeSockets": 256,
                  "scheduling": "lifo",
                  "maxTotalSockets": null,
                  "totalSocketCount": 0
                }
              },
              "https:": {
                "globalAgent": {
                  "_events": {},
                  "_eventsCount": 2,
                  "defaultPort": 443,
                  "protocol": "https:",
                  "options": {
                    "keepAlive": true,
                    "scheduling": "lifo",
                    "timeout": 5000,
                    "noDelay": true,
                    "path": null
                  },
                  "requests": {},
                  "sockets": {},
                  "freeSockets": {},
                  "keepAliveMsecs": 1000,
                  "keepAlive": true,
                  "maxSockets": null,
                  "maxFreeSockets": 256,
                  "scheduling": "lifo",
                  "maxTotalSockets": null,
                  "totalSocketCount": 0,
                  "maxCachedSessions": 100,
                  "_sessionCache": {
                    "map": {},
                    "list": []
                  }
                }
              }
            },
            "pathname": "/v1/LTC/regtest/rpc"
          },
          "_ended": true,
          "_ending": true,
          "_redirectCount": 0,
          "_redirects": [],
          "_requestBodyLength": 80,
          "_requestBodyBuffers": [
            {
              "data": {
                "type": "Buffer",
                "data": [
                  123,
                  34,
                  109,
                  101,
                  116,
                  104,
                  111,
                  100,
                  34,
                  58,
                  34,
                  115,
                  101,
                  110,
                  100,
                  116,
                  111,
                  97,
                  100,
                  100,
                  114,
                  101,
                  115,
                  115,
                  34,
                  44,
                  34,
                  112,
                  97,
                  114,
                  97,
                  109,
                  115,
                  34,
                  58,
                  34,
                  109,
                  109,
                  111,
                  56,
                  75,
                  87,
                  81,
                  87,
                  65,
                  76,
                  119,
                  55,
                  113,
                  109,
                  116,
                  113,
                  90,
                  70,
                  121,
                  66,
                  77,
                  71,
                  97,
                  87,
                  52,
                  88,
                  80,
                  77,
                  80,
                  88,
                  103,
                  74,
                  97,
                  75,
                  32,
                  52,
                  32,
                  39,
                  39,
                  32,
                  39,
                  39,
                  34,
                  125
                ]
              }
            }
          ],
          "_eventsCount": 3,
          "_currentRequest": {
            "_events": {},
            "_eventsCount": 7,
            "outputData": [],
            "outputSize": 0,
            "writable": true,
            "destroyed": true,
            "_last": false,
            "chunkedEncoding": false,
            "shouldKeepAlive": true,
            "maxRequestsOnConnectionReached": false,
            "_defaultKeepAlive": true,
            "useChunkedEncodingByDefault": true,
            "sendDate": false,
            "_removedConnection": false,
            "_removedContLen": false,
            "_removedTE": false,
            "strictContentLength": false,
            "_contentLength": 80,
            "_hasBody": true,
            "_trailer": "",
            "finished": true,
            "_headerSent": true,
            "_closed": true,
            "_header": "POST /v1/LTC/regtest/rpc HTTP/1.1\r\nAccept: application/json, text/plain, */*\r\nContent-Type: application/json\r\nUser-Agent: axios/1.8.2\r\nContent-Length: 80\r\nAccept-Encoding: gzip, compress, deflate, br\r\nHost: localhost:1031\r\nConnection: keep-alive\r\n\r\n",
            "_keepAliveTimeout": 0,
            "agent": "[object Object]",
            "method": "POST",
            "path": "/v1/LTC/regtest/rpc",
            "_ended": false,
            "res": null,
            "aborted": false,
            "upgradeOrConnect": false,
            "parser": null,
            "maxHeadersCount": null,
            "reusedSocket": false,
            "host": "localhost",
            "protocol": "http:",
            "_redirectable": "[object Object]"
          },
          "_currentUrl": "http://localhost:1031/v1/LTC/regtest/rpc"
        },
        "cause": {
          "code": "ECONNREFUSED"
        },
        "multiple": [
          {
            "message": "",
            "name": "AggregateError",
            "stack": "AggregateError: \n    at Function.AxiosError.from (file:///D:/MetaruneLabs/quia-app-new/QuizApp/node_modules/axios/lib/core/AxiosError.js:92:14)\n    at RedirectableRequest.handleRequestError (file:///D:/MetaruneLabs/quia-app-new/QuizApp/node_modules/axios/lib/adapters/http.js:620:25)\n    at RedirectableRequest.emit (node:events:518:28)\n    at ClientRequest.eventHandlers.<computed> (node_modules\\follow-redirects\\index.js:49:24)\n    at ClientRequest.emit (node:events:518:28)\n    at emitErrorEvent (node:_http_client:104:11)\n    at Socket.socketErrorListener (node:_http_client:518:5)\n    at Socket.emit (node:events:518:28)\n    at emitErrorNT (node:internal/streams/destroy:170:8)\n    at emitErrorCloseNT (node:internal/streams/destroy:129:3)\n    at processTicksAndRejections (node:internal/process/task_queues:90:21)\n    at Axios.request (file:///D:/MetaruneLabs/quia-app-new/QuizApp/node_modules/axios/lib/core/Axios.js:45:41)\n    at processTicksAndRejections (node:internal/process/task_queues:105:5)\n    at $2ec3c2d1d4f551c0$export$bc3f23723d5e1cba._post (file:///D:/MetaruneLabs/quia-app-new/QuizApp/node_modules/@bitcoin-computer/lib/dist/bc-lib.main.es.mjs:1646:19)",
            "config": {
              "transitional": {
                "silentJSONParsing": true,
                "forcedJSONParsing": true,
                "clarifyTimeoutError": false
              },
              "adapter": [
                "xhr",
                "http",
                "fetch"
              ],
              "transformRequest": [
                null
              ],
              "transformResponse": [
                null
              ],
              "timeout": 0,
              "xsrfCookieName": "XSRF-TOKEN",
              "xsrfHeaderName": "X-XSRF-TOKEN",
              "maxContentLength": -1,
              "maxBodyLength": -1,
              "env": {},
              "headers": {
                "Accept": "application/json, text/plain, */*",
                "Content-Type": "application/json",
                "User-Agent": "axios/1.8.2",
                "Content-Length": "80",
                "Accept-Encoding": "gzip, compress, deflate, br"
              },
              "method": "post",
              "url": "http://localhost:1031/v1/LTC/regtest/rpc",
              "data": "{\"method\":\"sendtoaddress\",\"params\":\"mmo8KWQWALw7qmtqZFyBMGaW4XPMPXgJaK 4 '' ''\"}",
              "allowAbsoluteUrls": true
            },
            "code": "ECONNREFUSED"
          }
        ]
      }
    },
    {
      "title": "\"before each\" hook for \"should allow student to attempt quiz and earn full reward\"",
      "fullTitle": "QuizAttempt Contract \"before each\" hook for \"should allow student to attempt quiz and earn full reward\"",
      "file": "D:\\MetaruneLabs\\quia-app-new\\QuizApp\\packages\\quiz-contracts\\dist\\test\\quiz-attempt.test.js",
      "duration": 169,
      "currentRetry": 0,
      "err": {
        "code": "ECONNREFUSED",
        "errors": [
          {
            "errno": -4078,
            "code": "ECONNREFUSED",
            "syscall": "connect",
            "address": "::1",
            "port": 1031
          },
          {
            "errno": -4078,
            "code": "ECONNREFUSED",
            "syscall": "connect",
            "address": "127.0.0.1",
            "port": 1031
          }
        ],
        "stack": "AggregateError: \n    at Function.AxiosError.from (file:///D:/MetaruneLabs/quia-app-new/QuizApp/node_modules/axios/lib/core/AxiosError.js:92:14)\n    at RedirectableRequest.handleRequestError (file:///D:/MetaruneLabs/quia-app-new/QuizApp/node_modules/axios/lib/adapters/http.js:620:25)\n    at RedirectableRequest.emit (node:events:518:28)\n    at ClientRequest.eventHandlers.<computed> (node_modules\\follow-redirects\\index.js:49:24)\n    at ClientRequest.emit (node:events:518:28)\n    at emitErrorEvent (node:_http_client:104:11)\n    at Socket.socketErrorListener (node:_http_client:518:5)\n    at Socket.emit (node:events:518:28)\n    at emitErrorNT (node:internal/streams/destroy:170:8)\n    at emitErrorCloseNT (node:internal/streams/destroy:129:3)\n    at processTicksAndRejections (node:internal/process/task_queues:90:21)\n    at Axios.request (file:///D:/MetaruneLabs/quia-app-new/QuizApp/node_modules/axios/lib/core/Axios.js:45:41)\n    at processTicksAndRejections (node:internal/process/task_queues:105:5)\n    at $2ec3c2d1d4f551c0$export$bc3f23723d5e1cba._post (file:///D:/MetaruneLabs/quia-app-new/QuizApp/node_modules/@bitcoin-computer/lib/dist/bc-lib.main.es.mjs:1646:19)",
        "message": "",
        "name": "AggregateError",
        "config": {
          "transitional": {
            "silentJSONParsing": true,
            "forcedJSONParsing": true,
            "clarifyTimeoutError": false
          },
          "adapter": [
            "xhr",
            "http",
            "fetch"
          ],
          "transformRequest": [
            null
          ],
          "transformResponse": [
            null
          ],
          "timeout": 0,
          "xsrfCookieName": "XSRF-TOKEN",
          "xsrfHeaderName": "X-XSRF-TOKEN",
          "maxContentLength": -1,
          "maxBodyLength": -1,
          "env": {},
          "headers": {
            "Accept": "application/json, text/plain, */*",
            "Content-Type": "application/json",
            "User-Agent": "axios/1.8.2",
            "Content-Length": "80",
            "Accept-Encoding": "gzip, compress, deflate, br"
          },
          "method": "post",
          "url": "http://localhost:1031/v1/LTC/regtest/rpc",
          "data": "{\"method\":\"sendtoaddress\",\"params\":\"mtamuByyRck9EagppmXHPqkNMPBWL5s32b 1 '' ''\"}",
          "allowAbsoluteUrls": true
        },
        "request": {
          "_events": {},
          "_writableState": {
            "highWaterMark": 16384,
            "length": 0,
            "corked": 0,
            "writelen": 0,
            "bufferedIndex": 0,
            "pendingcb": 0
          },
          "_options": {
            "maxRedirects": 21,
            "maxBodyLength": null,
            "protocol": "http:",
            "path": "/v1/LTC/regtest/rpc",
            "method": "POST",
            "headers": {
              "Accept": "application/json, text/plain, */*",
              "Content-Type": "application/json",
              "User-Agent": "axios/1.8.2",
              "Content-Length": "80",
              "Accept-Encoding": "gzip, compress, deflate, br"
            },
            "agents": {},
            "beforeRedirects": {},
            "hostname": "localhost",
            "port": "1031",
            "nativeProtocols": {
              "http:": {
                "METHODS": [
                  "ACL",
                  "BIND",
                  "CHECKOUT",
                  "CONNECT",
                  "COPY",
                  "DELETE",
                  "GET",
                  "HEAD",
                  "LINK",
                  "LOCK",
                  "M-SEARCH",
                  "MERGE",
                  "MKACTIVITY",
                  "MKCALENDAR",
                  "MKCOL",
                  "MOVE",
                  "NOTIFY",
                  "OPTIONS",
                  "PATCH",
                  "POST",
                  "PROPFIND",
                  "PROPPATCH",
                  "PURGE",
                  "PUT",
                  "QUERY",
                  "REBIND",
                  "REPORT",
                  "SEARCH",
                  "SOURCE",
                  "SUBSCRIBE",
                  "TRACE",
                  "UNBIND",
                  "UNLINK",
                  "UNLOCK",
                  "UNSUBSCRIBE"
                ],
                "STATUS_CODES": {
                  "100": "Continue",
                  "101": "Switching Protocols",
                  "102": "Processing",
                  "103": "Early Hints",
                  "200": "OK",
                  "201": "Created",
                  "202": "Accepted",
                  "203": "Non-Authoritative Information",
                  "204": "No Content",
                  "205": "Reset Content",
                  "206": "Partial Content",
                  "207": "Multi-Status",
                  "208": "Already Reported",
                  "226": "IM Used",
                  "300": "Multiple Choices",
                  "301": "Moved Permanently",
                  "302": "Found",
                  "303": "See Other",
                  "304": "Not Modified",
                  "305": "Use Proxy",
                  "307": "Temporary Redirect",
                  "308": "Permanent Redirect",
                  "400": "Bad Request",
                  "401": "Unauthorized",
                  "402": "Payment Required",
                  "403": "Forbidden",
                  "404": "Not Found",
                  "405": "Method Not Allowed",
                  "406": "Not Acceptable",
                  "407": "Proxy Authentication Required",
                  "408": "Request Timeout",
                  "409": "Conflict",
                  "410": "Gone",
                  "411": "Length Required",
                  "412": "Precondition Failed",
                  "413": "Payload Too Large",
                  "414": "URI Too Long",
                  "415": "Unsupported Media Type",
                  "416": "Range Not Satisfiable",
                  "417": "Expectation Failed",
                  "418": "I'm a Teapot",
                  "421": "Misdirected Request",
                  "422": "Unprocessable Entity",
                  "423": "Locked",
                  "424": "Failed Dependency",
                  "425": "Too Early",
                  "426": "Upgrade Required",
                  "428": "Precondition Required",
                  "429": "Too Many Requests",
                  "431": "Request Header Fields Too Large",
                  "451": "Unavailable For Legal Reasons",
                  "500": "Internal Server Error",
                  "501": "Not Implemented",
                  "502": "Bad Gateway",
                  "503": "Service Unavailable",
                  "504": "Gateway Timeout",
                  "505": "HTTP Version Not Supported",
                  "506": "Variant Also Negotiates",
                  "507": "Insufficient Storage",
                  "508": "Loop Detected",
                  "509": "Bandwidth Limit Exceeded",
                  "510": "Not Extended",
                  "511": "Network Authentication Required"
                },
                "maxHeaderSize": 16384,
                "globalAgent": {
                  "_events": {},
                  "_eventsCount": 2,
                  "defaultPort": 80,
                  "protocol": "http:",
                  "options": {
                    "keepAlive": true,
                    "scheduling": "lifo",
                    "timeout": 5000,
                    "noDelay": true,
                    "path": null
                  },
                  "requests": {},
                  "sockets": {},
                  "freeSockets": {},
                  "keepAliveMsecs": 1000,
                  "keepAlive": true,
                  "maxSockets": null,
                  "maxFreeSockets": 256,
                  "scheduling": "lifo",
                  "maxTotalSockets": null,
                  "totalSocketCount": 0
                }
              },
              "https:": {
                "globalAgent": {
                  "_events": {},
                  "_eventsCount": 2,
                  "defaultPort": 443,
                  "protocol": "https:",
                  "options": {
                    "keepAlive": true,
                    "scheduling": "lifo",
                    "timeout": 5000,
                    "noDelay": true,
                    "path": null
                  },
                  "requests": {},
                  "sockets": {},
                  "freeSockets": {},
                  "keepAliveMsecs": 1000,
                  "keepAlive": true,
                  "maxSockets": null,
                  "maxFreeSockets": 256,
                  "scheduling": "lifo",
                  "maxTotalSockets": null,
                  "totalSocketCount": 0,
                  "maxCachedSessions": 100,
                  "_sessionCache": {
                    "map": {},
                    "list": []
                  }
                }
              }
            },
            "pathname": "/v1/LTC/regtest/rpc"
          },
          "_ended": true,
          "_ending": true,
          "_redirectCount": 0,
          "_redirects": [],
          "_requestBodyLength": 80,
          "_requestBodyBuffers": [
            {
              "data": {
                "type": "Buffer",
                "data": [
                  123,
                  34,
                  109,
                  101,
                  116,
                  104,
                  111,
                  100,
                  34,
                  58,
                  34,
                  115,
                  101,
                  110,
                  100,
                  116,
                  111,
                  97,
                  100,
                  100,
                  114,
                  101,
                  115,
                  115,
                  34,
                  44,
                  34,
                  112,
                  97,
                  114,
                  97,
                  109,
                  115,
                  34,
                  58,
                  34,
                  109,
                  116,
                  97,
                  109,
                  117,
                  66,
                  121,
                  121,
                  82,
                  99,
                  107,
                  57,
                  69,
                  97,
                  103,
                  112,
                  112,
                  109,
                  88,
                  72,
                  80,
                  113,
                  107,
                  78,
                  77,
                  80,
                  66,
                  87,
                  76,
                  53,
                  115,
                  51,
                  50,
                  98,
                  32,
[...]
            "config": {
              "transitional": {
                "silentJSONParsing": true,
                "forcedJSONParsing": true,
                "clarifyTimeoutError": false
              },
              "adapter": [
                "xhr",
                "http",
                "fetch"
              ],
              "transformRequest": [
                null
              ],
              "transformResponse": [
                null
              ],
              "timeout": 0,
              "xsrfCookieName": "XSRF-TOKEN",
              "xsrfHeaderName": "X-XSRF-TOKEN",
              "maxContentLength": -1,
              "maxBodyLength": -1,
              "env": {},
              "headers": {
                "Accept": "application/json, text/plain, */*",
                "Content-Type": "application/json",
                "User-Agent": "axios/1.8.2",
                "Content-Length": "80",
                "Accept-Encoding": "gzip, compress, deflate, br"
              },
              "method": "post",
              "url": "http://localhost:1031/v1/LTC/regtest/rpc",
              "data": "{\"method\":\"sendtoaddress\",\"params\":\"mmK7UhEmVosLfGXKACPHVGQ8KnnRLUYeow 1 '' ''\"}",
              "allowAbsoluteUrls": true
            },
            "code": "ECONNREFUSED"
          }
        ]
      }
    },
    {
      "title": "\"before all\" hook in \"Single Question Quiz First-Come-First-Served Flow\"",
      "fullTitle": "Single Question Quiz First-Come-First-Served Flow \"before all\" hook in \"Single Question Quiz First-Come-First-Served Flow\"",
      "file": "D:\\MetaruneLabs\\quia-app-new\\QuizApp\\packages\\quiz-contracts\\dist\\test\\single-question-flow.test.js",
      "duration": 1,
      "currentRetry": 0,
      "err": {
        "stack": "Error: Invalid chain regtest\n    at $2b15a1aa1ac5e84d$export$de754bb4cdcc210c (file:///D:/MetaruneLabs/quia-app-new/QuizApp/node_modules/@bitcoin-computer/lib/dist/bc-lib.main.es.mjs:572:13)\n    at new $8d365481285a8527$export$ea8b5b3aea9558ce (file:///D:/MetaruneLabs/quia-app-new/QuizApp/node_modules/@bitcoin-computer/lib/dist/bc-lib.main.es.mjs:1754:81)\n    at new $44008b8d482d4906$export$bcca3ea514774656 (file:///D:/MetaruneLabs/quia-app-new/QuizApp/node_modules/@bitcoin-computer/lib/dist/bc-lib.main.es.mjs:4152:29)\n    at new $70d9a433482b684f$export$14be6456f8698719 (file:///D:/MetaruneLabs/quia-app-new/QuizApp/node_modules/@bitcoin-computer/lib/dist/bc-lib.main.es.mjs:4642:25)\n    at new $f30cebd5cae3ba4b$export$2454fd0de010f4bb (file:///D:/MetaruneLabs/quia-app-new/QuizApp/node_modules/@bitcoin-computer/lib/dist/bc-lib.main.es.mjs:5056:18)\n    at Context.<anonymous> (file:///D:/MetaruneLabs/quia-app-new/QuizApp/packages/quiz-contracts/dist/test/single-question-flow.test.js:27:27)\n    at processImmediate (node:internal/timers:485:21)",
        "message": "Invalid chain regtest",
        "multiple": [
          {
            "multiple": "Error: Invalid chain regtest"
          }
        ]
      }
    },
    {
      "title": "\"before each\" hook for \"should allow anyone to register as a teacher\"",
      "fullTitle": "Teacher Contract \"before each\" hook for \"should allow anyone to register as a teacher\"",
      "file": "D:\\MetaruneLabs\\quia-app-new\\QuizApp\\packages\\quiz-contracts\\dist\\test\\teacher.test.js",
      "duration": 84,
      "currentRetry": 0,
      "err": {
        "code": "ECONNREFUSED",
        "errors": [
          {
            "errno": -4078,
            "code": "ECONNREFUSED",
            "syscall": "connect",
            "address": "::1",
            "port": 1031
          },
          {
            "errno": -4078,
            "code": "ECONNREFUSED",
            "syscall": "connect",
            "address": "127.0.0.1",
            "port": 1031
          }
        ],
        "stack": "AggregateError: \n    at Function.AxiosError.from (file:///D:/MetaruneLabs/quia-app-new/QuizApp/node_modules/axios/lib/core/AxiosError.js:92:14)\n    at RedirectableRequest.handleRequestError (file:///D:/MetaruneLabs/quia-app-new/QuizApp/node_modules/axios/lib/adapters/http.js:620:25)\n    at RedirectableRequest.emit (node:events:518:28)\n    at ClientRequest.eventHandlers.<computed> (node_modules\\follow-redirects\\index.js:49:24)\n    at ClientRequest.emit (node:events:518:28)\n    at emitErrorEvent (node:_http_client:104:11)\n    at Socket.socketErrorListener (node:_http_client:518:5)\n    at Socket.emit (node:events:518:28)\n    at emitErrorNT (node:internal/streams/destroy:170:8)\n    at emitErrorCloseNT (node:internal/streams/destroy:129:3)\n    at processTicksAndRejections (node:internal/process/task_queues:90:21)\n    at Axios.request (file:///D:/MetaruneLabs/quia-app-new/QuizApp/node_modules/axios/lib/core/Axios.js:45:41)\n    at processTicksAndRejections (node:internal/process/task_queues:105:5)\n    at $2ec3c2d1d4f551c0$export$bc3f23723d5e1cba._post (file:///D:/MetaruneLabs/quia-app-new/QuizApp/node_modules/@bitcoin-computer/lib/dist/bc-lib.main.es.mjs:1646:19)",
        "message": "",
        "name": "AggregateError",
        "config": {
          "transitional": {
            "silentJSONParsing": true,
            "forcedJSONParsing": true,
            "clarifyTimeoutError": false
          },
          "adapter": [
            "xhr",
            "http",
            "fetch"
          ],
          "transformRequest": [
            null
          ],
          "transformResponse": [
            null
          ],
          "timeout": 0,
          "xsrfCookieName": "XSRF-TOKEN",
          "xsrfHeaderName": "X-XSRF-TOKEN",
          "maxContentLength": -1,
          "maxBodyLength": -1,
          "env": {},
          "headers": {
            "Accept": "application/json, text/plain, */*",
            "Content-Type": "application/json",
            "User-Agent": "axios/1.8.2",
            "Content-Length": "80",
            "Accept-Encoding": "gzip, compress, deflate, br"
          },
          "method": "post",
          "url": "http://localhost:1031/v1/LTC/regtest/rpc",
          "data": "{\"method\":\"sendtoaddress\",\"params\":\"mhmWjQQC7tYPvTBkT96nPRReuiYC8k3ucx 1 '' ''\"}",
          "allowAbsoluteUrls": true
        },
        "request": {
          "_events": {},
          "_writableState": {
            "highWaterMark": 16384,
            "length": 0,
            "corked": 0,
            "writelen": 0,
            "bufferedIndex": 0,
            "pendingcb": 0
          },
          "_options": {
            "maxRedirects": 21,
            "maxBodyLength": null,
            "protocol": "http:",
            "path": "/v1/LTC/regtest/rpc",
            "method": "POST",
            "headers": {
              "Accept": "application/json, text/plain, */*",
              "Content-Type": "application/json",
              "User-Agent": "axios/1.8.2",
              "Content-Length": "80",
              "Accept-Encoding": "gzip, compress, deflate, br"
            },
            "agents": {},
            "beforeRedirects": {},
            "hostname": "localhost",
            "port": "1031",
            "nativeProtocols": {
              "http:": {
                "METHODS": [
                  "ACL",
                  "BIND",
                  "CHECKOUT",
                  "CONNECT",
                  "COPY",
                  "DELETE",
                  "GET",
                  "HEAD",
                  "LINK",
                  "LOCK",
                  "M-SEARCH",
                  "MERGE",
                  "MKACTIVITY",
                  "MKCALENDAR",
                  "MKCOL",
                  "MOVE",
                  "NOTIFY",
                  "OPTIONS",
                  "PATCH",
                  "POST",
                  "PROPFIND",
                  "PROPPATCH",
                  "PURGE",
                  "PUT",
                  "QUERY",
                  "REBIND",
                  "REPORT",
                  "SEARCH",
                  "SOURCE",
                  "SUBSCRIBE",
                  "TRACE",
                  "UNBIND",
                  "UNLINK",
                  "UNLOCK",
                  "UNSUBSCRIBE"
                ],
                "STATUS_CODES": {
                  "100": "Continue",
                  "101": "Switching Protocols",
                  "102": "Processing",
                  "103": "Early Hints",
                  "200": "OK",
                  "201": "Created",
                  "202": "Accepted",
                  "203": "Non-Authoritative Information",
                  "204": "No Content",
                  "205": "Reset Content",
                  "206": "Partial Content",
                  "207": "Multi-Status",
                  "208": "Already Reported",
                  "226": "IM Used",
                  "300": "Multiple Choices",
                  "301": "Moved Permanently",
                  "302": "Found",
                  "303": "See Other",
                  "304": "Not Modified",
                  "305": "Use Proxy",
                  "307": "Temporary Redirect",
                  "308": "Permanent Redirect",
                  "400": "Bad Request",
                  "401": "Unauthorized",
                  "402": "Payment Required",
                  "403": "Forbidden",
                  "404": "Not Found",
                  "405": "Method Not Allowed",
                  "406": "Not Acceptable",
                  "407": "Proxy Authentication Required",
                  "408": "Request Timeout",
                  "409": "Conflict",
                  "410": "Gone",
                  "411": "Length Required",
                  "412": "Precondition Failed",
                  "413": "Payload Too Large",
                  "414": "URI Too Long",
                  "415": "Unsupported Media Type",
                  "416": "Range Not Satisfiable",
                  "417": "Expectation Failed",
                  "418": "I'm a Teapot",
                  "421": "Misdirected Request",
                  "422": "Unprocessable Entity",
                  "423": "Locked",
                  "424": "Failed Dependency",
                  "425": "Too Early",
                  "426": "Upgrade Required",
                  "428": "Precondition Required",
                  "429": "Too Many Requests",
                  "431": "Request Header Fields Too Large",
                  "451": "Unavailable For Legal Reasons",
                  "500": "Internal Server Error",
                  "501": "Not Implemented",
                  "502": "Bad Gateway",
                  "503": "Service Unavailable",
                  "504": "Gateway Timeout",
                  "505": "HTTP Version Not Supported",
                  "506": "Variant Also Negotiates",
                  "507": "Insufficient Storage",
                  "508": "Loop Detected",
                  "509": "Bandwidth Limit Exceeded",
                  "510": "Not Extended",
                  "511": "Network Authentication Required"
                },
                "maxHeaderSize": 16384,
                "globalAgent": {
                  "_events": {},
                  "_eventsCount": 2,
                  "defaultPort": 80,
                  "protocol": "http:",
                  "options": {
                    "keepAlive": true,
                    "scheduling": "lifo",
                    "timeout": 5000,
                    "noDelay": true,
                    "path": null
                  },
                  "requests": {},
                  "sockets": {},
                  "freeSockets": {},
                  "keepAliveMsecs": 1000,
                  "keepAlive": true,
                  "maxSockets": null,
                  "maxFreeSockets": 256,
                  "scheduling": "lifo",
                  "maxTotalSockets": null,
                  "totalSocketCount": 0
                }
              },
              "https:": {
                "globalAgent": {
                  "_events": {},
                  "_eventsCount": 2,
                  "defaultPort": 443,
                  "protocol": "https:",
                  "options": {
                    "keepAlive": true,
                    "scheduling": "lifo",
                    "timeout": 5000,
                    "noDelay": true,
                    "path": null
                  },
                  "requests": {},
                  "sockets": {},
                  "freeSockets": {},
                  "keepAliveMsecs": 1000,
                  "keepAlive": true,
                  "maxSockets": null,
                  "maxFreeSockets": 256,
                  "scheduling": "lifo",
                  "maxTotalSockets": null,
                  "totalSocketCount": 0,
                  "maxCachedSessions": 100,
                  "_sessionCache": {
                    "map": {},
                    "list": []
                  }
                }
              }
            },
            "pathname": "/v1/LTC/regtest/rpc"
          },
          "_ended": true,
          "_ending": true,
          "_redirectCount": 0,
          "_redirects": [],
          "_requestBodyLength": 80,
          "_requestBodyBuffers": [
            {
              "data": {
                "type": "Buffer",
                "data": [
                  123,
                  34,
                  109,
                  101,
                  116,
                  104,
                  111,
                  100,
                  34,
                  58,
                  34,
                  115,
                  101,
                  110,
                  100,
                  116,
                  111,
                  97,
                  100,
                  100,
                  114,
                  101,
                  115,
                  115,
                  34,
                  44,
                  34,
                  112,
                  97,
                  114,
                  97,
                  109,
                  115,
                  34,
                  58,
                  34,
                  109,
                  104,
                  109,
                  87,
                  106,
                  81,
                  81,
                  67,
                  55,
                  116,
                  89,
                  80,
                  118,
                  84,
                  66,
                  107,
                  84,
                  57,
                  54,
                  110,
                  80,
                  82,
                  82,
                  101,
                  117,
                  105,
                  89,
                  67,
                  56,
                  107,
                  51,
                  117,
                  99,
                  120,
                  32,
                  49,
                  32,
                  39,
                  39,
                  32,
                  39,
                  39,
                  34,
                  125
                ]
              }
            }
          ],
          "_eventsCount": 3,
          "_currentRequest": {
            "_events": {},
            "_eventsCount": 7,
            "outputData": [],
            "outputSize": 0,
            "writable": true,
            "destroyed": true,
            "_last": false,
            "chunkedEncoding": false,
            "shouldKeepAlive": true,
            "maxRequestsOnConnectionReached": false,
            "_defaultKeepAlive": true,
            "useChunkedEncodingByDefault": true,
            "sendDate": false,
            "_removedConnection": false,
            "_removedContLen": false,
            "_removedTE": false,
            "strictContentLength": false,
            "_contentLength": 80,
            "_hasBody": true,
            "_trailer": "",
            "finished": true,
            "_headerSent": true,
            "_closed": true,
            "_header": "POST /v1/LTC/regtest/rpc HTTP/1.1\r\nAccept: application/json, text/plain, */*\r\nContent-Type: application/json\r\nUser-Agent: axios/1.8.2\r\nContent-Length: 80\r\nAccept-Encoding: gzip, compress, deflate, br\r\nHost: localhost:1031\r\nConnection: keep-alive\r\n\r\n",
            "_keepAliveTimeout": 0,
            "agent": "[object Object]",
            "method": "POST",
            "path": "/v1/LTC/regtest/rpc",
            "_ended": false,
            "res": null,
            "aborted": false,
            "upgradeOrConnect": false,
            "parser": null,
            "maxHeadersCount": null,
            "reusedSocket": false,
            "host": "localhost",
            "protocol": "http:",
            "_redirectable": "[object Object]"
          },
          "_currentUrl": "http://localhost:1031/v1/LTC/regtest/rpc"
        },
        "cause": {
          "code": "ECONNREFUSED"
        },
        "multiple": [
          {
            "message": "",
            "name": "AggregateError",
            "stack": "AggregateError: \n    at Function.AxiosError.from (file:///D:/MetaruneLabs/quia-app-new/QuizApp/node_modules/axios/lib/core/AxiosError.js:92:14)\n    at RedirectableRequest.handleRequestError (file:///D:/MetaruneLabs/quia-app-new/QuizApp/node_modules/axios/lib/adapters/http.js:620:25)\n    at RedirectableRequest.emit (node:events:518:28)\n    at ClientRequest.eventHandlers.<computed> (node_modules\\follow-redirects\\index.js:49:24)\n    at ClientRequest.emit (node:events:518:28)\n    at emitErrorEvent (node:_http_client:104:11)\n    at Socket.socketErrorListener (node:_http_client:518:5)\n    at Socket.emit (node:events:518:28)\n    at emitErrorNT (node:internal/streams/destroy:170:8)\n    at emitErrorCloseNT (node:internal/streams/destroy:129:3)\n    at processTicksAndRejections (node:internal/process/task_queues:90:21)\n    at Axios.request (file:///D:/MetaruneLabs/quia-app-new/QuizApp/node_modules/axios/lib/core/Axios.js:45:41)\n    at processTicksAndRejections (node:internal/process/task_queues:105:5)\n    at $2ec3c2d1d4f551c0$export$bc3f23723d5e1cba._post (file:///D:/MetaruneLabs/quia-app-new/QuizApp/node_modules/@bitcoin-computer/lib/dist/bc-lib.main.es.mjs:1646:19)",
            "config": {
              "transitional": {
                "silentJSONParsing": true,
                "forcedJSONParsing": true,
                "clarifyTimeoutError": false
              },
              "adapter": [
                "xhr",
                "http",
                "fetch"
              ],
              "transformRequest": [
                null
              ],
              "transformResponse": [
                null
              ],
              "timeout": 0,
              "xsrfCookieName": "XSRF-TOKEN",
              "xsrfHeaderName": "X-XSRF-TOKEN",
              "maxContentLength": -1,
              "maxBodyLength": -1,
              "env": {},
              "headers": {
                "Accept": "application/json, text/plain, */*",
                "Content-Type": "application/json",
                "User-Agent": "axios/1.8.2",
                "Content-Length": "80",
                "Accept-Encoding": "gzip, compress, deflate, br"
              },
              "method": "post",
              "url": "http://localhost:1031/v1/LTC/regtest/rpc",
              "data": "{\"method\":\"sendtoaddress\",\"params\":\"mhmWjQQC7tYPvTBkT96nPRReuiYC8k3ucx 1 '' ''\"}",
              "allowAbsoluteUrls": true
            },
            "code": "ECONNREFUSED"
          }
        ]
      }
    }
  ],
  "passes": []
}